C51 COMPILER V7.00  PWMDUOJI                                                               05/28/2010 09:25:55 PAGE 1   


C51 COMPILER V7.00, COMPILATION OF MODULE PWMDUOJI
OBJECT MODULE PLACED IN PWMduoji.OBJ
COMPILER INVOKED BY: C:\Keil\C51\BIN\C51.EXE PWMduoji.c BROWSE DEBUG OBJECTEXTEND

stmt level    source

   1          /*******************************************************************/
   2          
   3          // 利用定时器控制产生占空比可变的 PWM 波
   4          // 按K1，PWM值增加，则占空比减小,LED 灯渐暗。
   5          // 按K2，PWM值减小，则占空比增加,LED 灯渐亮。
   6          // 当PWM值增加到最大值或减小到最小值时，蜂鸣器将报警。
   7          // 为了看到蜂鸣器的效果，可以使用杜邦线把蜂鸣器引到其它接口上
   8          //因为蜂鸣器和小灯L4共用一P1.3口，所以按键按下时L4会比其它亮
   9          //SW17是亮度增加键 SW16是亮度减小键
  10          
  11          /*********************************************************/
  12          
  13          #include < reg52.h >
  14          #include < intrins.h >
  15          
  16          sbit  K1=P3^0;                    //增加键
  17          sbit  K2=P3^1;                    //减少键
  18          sbit  LED1=P2^6;                
  19          sbit  LED2=P2^7;
  20          
  21          sbit  K3=P2^2;
  22          sbit  K4=P2^3;
  23          sbit  LED3=P2^4; 
  24          sbit  LED4=P2^5; 
  25          
  26          sbit out_1=P1^2;
  27          sbit out_2=P3^4;
  28          
  29          unsigned int PWM_1=0xFA99;   //舵机1赋初值
  30          unsigned int PWM_2=0xFA99;   //舵机2赋初值
  31          
  32          bit longorshorttimerflag=0;
  33          bit longorshorttimerflag_2=0;
  34          unsigned int timerbuf[2]={0};
  35          
  36          void delayms(unsigned char ms);
  37          void refree_allpins();
  38          /********以下为直流电机控制按键的定义*****************/
  39          sbit motor11=P0^0;//电机1的信号引脚
  40          sbit motor12=P0^1;
  41          
  42          sbit motor21=P0^2;//电机2的信号引脚
  43          sbit motor22=P0^3;
  44          
  45          sbit motorforward=P0^4;
  46          sbit motorback=P0^5;
  47          sbit motorleftcircle=P0^6;
  48          sbit motorrightcircle=P0^7;
  49          sbit motorleft=P2^0;
  50          sbit motorright=P2^1;
  51          
  52          
  53          
  54          
  55          
C51 COMPILER V7.00  PWMDUOJI                                                               05/28/2010 09:25:55 PAGE 2   

  56          /*********************************************************/
  57          void main()
  58          {  
  59   1      
  60   1      /****************************************/
  61   1      
  62   1           out_1=0;
  63   1                out_2=0;
  64   1          TMOD=0x11;
  65   1          TH0=0xB8;             //1ms延时常数 12M
  66   1          TL0=0x00;            //频率调节
  67   1      
  68   1          TH1=0xB8;            //脉宽调节//就差这一点了
  69   1          TL1=0x00;
  70   1      
  71   1           EA=1;
  72   1           ET0=1;
  73   1           ET1=1;    
  74   1           TR0=1;
  75   1                TR1=1;
  76   1         while(1)
  77   1         {
  78   2      
  79   2      motorforward=1;
  80   2      motorback=1;
  81   2      motorleftcircle=1;
  82   2      motorrightcircle=1;
  83   2      motorleft=1;
  84   2      motorright=1;
  85   2      
  86   2      
  87   2           if(K1==0){
  88   3                  if(PWM_1<0xFBF7){PWM_1++;delayms(2);}
  89   3                 else {LED1=0;} 
  90   3               };
  91   2      
  92   2           if(K2==0){
  93   3                 if(PWM_1>0xF93B){PWM_1--;delayms(2);}
  94   3                 else {LED2=0;} 
  95   3                };
  96   2      
  97   2                if(K3==0){
  98   3                  if(PWM_2<0xFF91){PWM_2++;delayms(2);}
  99   3                                      else {LED3=0;}
 100   3               };
 101   2      
 102   2                               if(K4==0){
 103   3                  if(PWM_2>0xF91B){PWM_2--;delayms(2);}//原来是0xF93B
 104   3                 else {LED4=0;} 
 105   3               };
 106   2                      
 107   2                              while(motorforward==0){
 108   3                                      motor11=1;
 109   3                                      motor12=0;
 110   3                                      motor21=1;
 111   3                                      motor22=0;
 112   3                              
 113   3                              }
 114   2                              
 115   2                              while(motorback==0){
 116   3                                      motor11=0;
 117   3                                      motor12=1;
C51 COMPILER V7.00  PWMDUOJI                                                               05/28/2010 09:25:55 PAGE 3   

 118   3                                      motor21=0;
 119   3                                      motor22=1;
 120   3                              }
 121   2      
 122   2                              while(motorleftcircle==0){
 123   3                                      motor11=0;
 124   3                                      motor12=1;
 125   3                                      motor21=1;
 126   3                                      motor22=0;
 127   3                              }
 128   2      
 129   2                              while(motorrightcircle==0){
 130   3                                      motor11=1;
 131   3                                      motor12=0;
 132   3                                      motor21=0;
 133   3                                      motor22=1;
 134   3                              }
 135   2      
 136   2                              while(motorleft==0){
 137   3                                      motor11=0;
 138   3                                      motor12=0;
 139   3                                      motor21=1;
 140   3                                      motor22=0;
 141   3                              }
 142   2      
 143   2                              while(motorright==0){
 144   3                                      motor11=1;
 145   3                                      motor12=0;
 146   3                                      motor21=0;
 147   3                                      motor22=0;
 148   3                              }
 149   2              
 150   2                              refree_allpins();
 151   2      
 152   2      
 153   2                LED1=1;
 154   2                LED2=1;
 155   2                LED3=1;
 156   2                LED4=1;
 157   2         }
 158   1      }
 159          
 160          /*********************************************************/
 161          // 定时器0中断服务程序.
 162          /*********************************************************/
 163          void timer0() interrupt 1 
 164          {  
 165   1              if(longorshorttimerflag==0){
 166   2                      TR0=0;
 167   2                              TH0=(PWM_1/256);            //脉宽调节
 168   2                      TL0=(PWM_1%256);
 169   2                       out_1=1;      //启动输出
 170   2                               longorshorttimerflag=!longorshorttimerflag;
 171   2                               TR0=1;
 172   2               }
 173   1              else {
 174   2                      
 175   2                      TR0=0;
 176   2                      timerbuf[0]=-0xB800+PWM_1;
 177   2                      TH0=timerbuf[0]/256;
 178   2                      TL0=timerbuf[0]%256;
 179   2                      out_1=0;      //关闭输出
C51 COMPILER V7.00  PWMDUOJI                                                               05/28/2010 09:25:55 PAGE 4   

 180   2                      longorshorttimerflag=!longorshorttimerflag;
 181   2                      TR0=1;
 182   2              }
 183   1      }
 184          
 185          /*********************************************************/
 186          // 定时器1中断服务程序
 187          /*********************************************************/
 188          void timer1() interrupt 3 
 189          { 
 190   1              if(longorshorttimerflag_2==0){
 191   2                      TR1=0;
 192   2                              TH1=(PWM_2/256);            //脉宽调节
 193   2                      TL1=(PWM_2%256);
 194   2                       out_2=1;      //启动输出
 195   2                               longorshorttimerflag_2=!longorshorttimerflag_2;
 196   2                               TR1=1;
 197   2               }
 198   1              else {
 199   2                      
 200   2                      TR1=0;
 201   2                      timerbuf[1]=-0xB800+PWM_2;
 202   2                      TH0=timerbuf[1]/256;
 203   2                      TL0=timerbuf[1]%256;
 204   2                      out_2=0;      //关闭输出
 205   2                      longorshorttimerflag_2=!longorshorttimerflag_2;
 206   2                      TR1=1;
 207   2              }
 208   1      }
 209          /*********************************************************/
 210          // 延时子程序
 211          /*******************************************************/
 212          void delayms(unsigned char ms) 
 213          
 214          {
 215   1          unsigned char i;
 216   1          while(ms--)
 217   1           {
 218   2              for(i=0;i<120;i++);
 219   2           }
 220   1      }
 221          
 222          
 223          void refree_allpins(){
 224   1      
 225   1                      motor11=0;
 226   1                                      motor12=0;
 227   1                                      motor21=0;
 228   1                                      motor22=0;
 229   1      
 230   1      }


MODULE INFORMATION:   STATIC OVERLAYABLE
   CODE SIZE        =    381    ----
   CONSTANT SIZE    =   ----    ----
   XDATA SIZE       =   ----    ----
   PDATA SIZE       =   ----    ----
   DATA SIZE        =      8    ----
   IDATA SIZE       =   ----    ----
   BIT SIZE         =      2    ----
END OF MODULE INFORMATION.

C51 COMPILER V7.00  PWMDUOJI                                                               05/28/2010 09:25:55 PAGE 5   


C51 COMPILATION COMPLETE.  0 WARNING(S),  0 ERROR(S)
